{"D:\\New_PePe\\Work\\UNI\\Software Engineer\\cedt-se-project-dentnutz\\Backend\\controllers\\temp.js": {"path":"D:\\New_PePe\\Work\\UNI\\Software Engineer\\cedt-se-project-dentnutz\\Backend\\controllers\\temp.js","statementMap":{"0":{"start":{"line":1,"column":15},"end":{"line":1,"column":42}},"1":{"start":{"line":3,"column":0},"end":{"line":24,"column":5}},"2":{"start":{"line":5,"column":8},"end":{"line":23,"column":9}},"3":{"start":{"line":6,"column":12},"end":{"line":19,"column":13}},"4":{"start":{"line":7,"column":34},"end":{"line":7,"column":91}},"5":{"start":{"line":8,"column":16},"end":{"line":10,"column":17}},"6":{"start":{"line":9,"column":20},"end":{"line":9,"column":119}},"7":{"start":{"line":11,"column":31},"end":{"line":11,"column":60}},"8":{"start":{"line":12,"column":16},"end":{"line":15,"column":19}},"9":{"start":{"line":18,"column":16},"end":{"line":18,"column":56}},"10":{"start":{"line":22,"column":12},"end":{"line":22,"column":106}}},"fnMap":{"0":{"name":"(anonymous_0)","decl":{"start":{"line":3,"column":23},"end":{"line":3,"column":24}},"loc":{"start":{"line":3,"column":45},"end":{"line":24,"column":5}},"line":3}},"branchMap":{"0":{"loc":{"start":{"line":5,"column":8},"end":{"line":23,"column":9}},"type":"if","locations":[{"start":{"line":5,"column":8},"end":{"line":23,"column":9}},{"start":{"line":21,"column":12},"end":{"line":23,"column":9}}],"line":5},"1":{"loc":{"start":{"line":8,"column":16},"end":{"line":10,"column":17}},"type":"if","locations":[{"start":{"line":8,"column":16},"end":{"line":10,"column":17}},{"start":{},"end":{}}],"line":8}},"s":{"0":1,"1":1,"2":4,"3":3,"4":3,"5":3,"6":1,"7":2,"8":1,"9":1,"10":1},"f":{"0":4},"b":{"0":[3,1],"1":[1,2]},"_coverageSchema":"1a1c01bbd47fc00a2c39e90264f33305004495a9","hash":"33f71945a00f71d25a5325068aef88693ac1b0f9"}
,"D:\\New_PePe\\Work\\UNI\\Software Engineer\\cedt-se-project-dentnutz\\Backend\\models\\Report.js": {"path":"D:\\New_PePe\\Work\\UNI\\Software Engineer\\cedt-se-project-dentnutz\\Backend\\models\\Report.js","statementMap":{"0":{"start":{"line":1,"column":21},"end":{"line":1,"column":39}},"1":{"start":{"line":2,"column":17},"end":{"line":2,"column":36}},"2":{"start":{"line":4,"column":21},"end":{"line":37,"column":2}},"3":{"start":{"line":41,"column":0},"end":{"line":41,"column":56}}},"fnMap":{},"branchMap":{},"s":{"0":1,"1":1,"2":1,"3":1},"f":{},"b":{},"_coverageSchema":"1a1c01bbd47fc00a2c39e90264f33305004495a9","hash":"805112c0941eeb5540cdc04a018d0b06d3466f2b"}
}
