{"D:\\New_PePe\\Work\\UNI\\Software Engineer\\cedt-se-project-dentnutz\\Backend\\controllers\\functionForTest.js": {"path":"D:\\New_PePe\\Work\\UNI\\Software Engineer\\cedt-se-project-dentnutz\\Backend\\controllers\\functionForTest.js","statementMap":{"0":{"start":{"line":1,"column":15},"end":{"line":1,"column":42}},"1":{"start":{"line":3,"column":0},"end":{"line":24,"column":5}},"2":{"start":{"line":5,"column":8},"end":{"line":23,"column":9}},"3":{"start":{"line":6,"column":12},"end":{"line":19,"column":13}},"4":{"start":{"line":7,"column":34},"end":{"line":7,"column":91}},"5":{"start":{"line":8,"column":16},"end":{"line":10,"column":17}},"6":{"start":{"line":9,"column":20},"end":{"line":9,"column":119}},"7":{"start":{"line":11,"column":31},"end":{"line":11,"column":60}},"8":{"start":{"line":12,"column":16},"end":{"line":15,"column":19}},"9":{"start":{"line":18,"column":16},"end":{"line":18,"column":56}},"10":{"start":{"line":22,"column":12},"end":{"line":22,"column":106}},"11":{"start":{"line":25,"column":4},"end":{"line":50,"column":5}},"12":{"start":{"line":27,"column":8},"end":{"line":49,"column":9}},"13":{"start":{"line":28,"column":12},"end":{"line":44,"column":13}},"14":{"start":{"line":29,"column":31},"end":{"line":29,"column":67}},"15":{"start":{"line":31,"column":16},"end":{"line":33,"column":17}},"16":{"start":{"line":32,"column":20},"end":{"line":32,"column":68}},"17":{"start":{"line":35,"column":16},"end":{"line":37,"column":17}},"18":{"start":{"line":36,"column":20},"end":{"line":36,"column":125}},"19":{"start":{"line":39,"column":38},"end":{"line":39,"column":129}},"20":{"start":{"line":41,"column":16},"end":{"line":41,"column":77}},"21":{"start":{"line":43,"column":16},"end":{"line":43,"column":57}},"22":{"start":{"line":48,"column":12},"end":{"line":48,"column":109}}},"fnMap":{"0":{"name":"(anonymous_0)","decl":{"start":{"line":3,"column":23},"end":{"line":3,"column":24}},"loc":{"start":{"line":3,"column":45},"end":{"line":24,"column":5}},"line":3},"1":{"name":"(anonymous_1)","decl":{"start":{"line":25,"column":27},"end":{"line":25,"column":28}},"loc":{"start":{"line":25,"column":49},"end":{"line":50,"column":5}},"line":25}},"branchMap":{"0":{"loc":{"start":{"line":5,"column":8},"end":{"line":23,"column":9}},"type":"if","locations":[{"start":{"line":5,"column":8},"end":{"line":23,"column":9}},{"start":{"line":21,"column":12},"end":{"line":23,"column":9}}],"line":5},"1":{"loc":{"start":{"line":8,"column":16},"end":{"line":10,"column":17}},"type":"if","locations":[{"start":{"line":8,"column":16},"end":{"line":10,"column":17}},{"start":{},"end":{}}],"line":8},"2":{"loc":{"start":{"line":27,"column":8},"end":{"line":49,"column":9}},"type":"if","locations":[{"start":{"line":27,"column":8},"end":{"line":49,"column":9}},{"start":{"line":47,"column":12},"end":{"line":49,"column":9}}],"line":27},"3":{"loc":{"start":{"line":31,"column":16},"end":{"line":33,"column":17}},"type":"if","locations":[{"start":{"line":31,"column":16},"end":{"line":33,"column":17}},{"start":{},"end":{}}],"line":31},"4":{"loc":{"start":{"line":35,"column":16},"end":{"line":37,"column":17}},"type":"if","locations":[{"start":{"line":35,"column":16},"end":{"line":37,"column":17}},{"start":{},"end":{}}],"line":35}},"s":{"0":2,"1":2,"2":4,"3":3,"4":3,"5":3,"6":1,"7":2,"8":1,"9":1,"10":1,"11":2,"12":5,"13":4,"14":4,"15":4,"16":1,"17":3,"18":1,"19":2,"20":1,"21":1,"22":1},"f":{"0":4,"1":5},"b":{"0":[3,1],"1":[1,2],"2":[4,1],"3":[1,3],"4":[1,2]},"_coverageSchema":"1a1c01bbd47fc00a2c39e90264f33305004495a9","hash":"41d2b82378fd27e456b4dfa250e7632ca1241186"}
,"D:\\New_PePe\\Work\\UNI\\Software Engineer\\cedt-se-project-dentnutz\\Backend\\models\\Report.js": {"path":"D:\\New_PePe\\Work\\UNI\\Software Engineer\\cedt-se-project-dentnutz\\Backend\\models\\Report.js","statementMap":{"0":{"start":{"line":1,"column":21},"end":{"line":1,"column":39}},"1":{"start":{"line":2,"column":17},"end":{"line":2,"column":36}},"2":{"start":{"line":4,"column":21},"end":{"line":37,"column":2}},"3":{"start":{"line":41,"column":0},"end":{"line":41,"column":56}}},"fnMap":{},"branchMap":{},"s":{"0":2,"1":2,"2":2,"3":2},"f":{},"b":{},"_coverageSchema":"1a1c01bbd47fc00a2c39e90264f33305004495a9","hash":"805112c0941eeb5540cdc04a018d0b06d3466f2b"}
}
