TN:
SF:controllers\functionForTest.js
FN:3,(anonymous_0)
FN:25,(anonymous_1)
FNF:2
FNH:2
FNDA:4,(anonymous_0)
FNDA:5,(anonymous_1)
DA:1,2
DA:3,2
DA:5,4
DA:6,3
DA:7,3
DA:8,3
DA:9,1
DA:11,2
DA:12,1
DA:18,1
DA:22,1
DA:25,2
DA:27,5
DA:28,4
DA:29,4
DA:31,4
DA:32,1
DA:35,3
DA:36,1
DA:39,2
DA:41,1
DA:43,1
DA:48,1
LF:23
LH:23
BRDA:5,0,0,3
BRDA:5,0,1,1
BRDA:8,1,0,1
BRDA:8,1,1,2
BRDA:27,2,0,4
BRDA:27,2,1,1
BRDA:31,3,0,1
BRDA:31,3,1,3
BRDA:35,4,0,1
BRDA:35,4,1,2
BRF:10
BRH:10
end_of_record
TN:
SF:models\Report.js
FNF:0
FNH:0
DA:1,2
DA:2,2
DA:4,2
DA:41,2
LF:4
LH:4
BRF:0
BRH:0
end_of_record
